<?xml version="1.0" encoding="UTF-8"?>
<testsuite xmlns:xsi="http://www.w3.org/2001/XMLSchema-instance" xsi:noNamespaceSchemaLocation="https://maven.apache.org/surefire/maven-surefire-plugin/xsd/surefire-test-report-3.0.xsd" version="3.0" name="com.turing.advancedse5.stack.StackTest" time="0.023" tests="2" errors="0" skipped="0" failures="0">
  <properties>
[...]
</properties>
  <testcase name="testPushTwoElement" classname="com.turing.advancedse5.stack.StackTest" time="0.012"/>
  <testcase name="testPush" classname="com.turing.advancedse5.stack.StackTest" time="0.001">
    <system-out><![CDATA[Test case push
]]></system-out>
  </testcase>
</testsuite>